<?xml version="1.0" encoding="UTF-8"?>
<!-- Generated by org.testng.reporters.JUnitReportReporter -->
<testsuite hostname="Lenovo-PC" failures="0" tests="1" name="test.LoginTest" time="5.268" errors="0" timestamp="2020-01-23T23:54:12 CET" skipped="0">
  <testcase classname="test.LoginTest" name="testSucessfullLogin" time="5.268"/>
</testsuite> <!-- test.LoginTest -->
