<?xml version="1.0" encoding="UTF-8"?>
<!-- Generated by org.testng.reporters.JUnitReportReporter -->
<testsuite hostname="Lenovo-PC" failures="0" tests="1" name="test.DropDownTest" time="1.286" errors="0" timestamp="2020-01-23T23:55:01 CET" skipped="0">
  <testcase classname="test.DropDownTest" name="testSelectedOption" time="1.286"/>
</testsuite> <!-- test.DropDownTest -->
