<?xml version="1.0" encoding="UTF-8"?>
<!-- Generated by org.testng.reporters.JUnitReportReporter -->
<testsuite hostname="Lenovo-PC" failures="0" tests="1" name="test.KeysTest" time="8.176" errors="0" timestamp="2020-01-24T22:19:29 CET" skipped="0">
  <testcase classname="test.KeysTest" name="testMultiButtonPress" time="8.176"/>
</testsuite> <!-- test.KeysTest -->
