<?xml version="1.0" encoding="UTF-8"?>
<!-- Generated by org.testng.reporters.JUnitReportReporter -->
<testsuite hostname="Lenovo-PC" failures="0" tests="2" name="test.JavaScriptTests" time="3.522" errors="0" timestamp="2020-02-02T12:19:10 CET" skipped="0">
  <testcase classname="test.JavaScriptTests" name="testScrollToTable" time="1.838"/>
  <testcase classname="test.JavaScriptTests" name="testScrollToFifthParagraph" time="1.684"/>
</testsuite> <!-- test.JavaScriptTests -->
