<?xml version="1.0" encoding="UTF-8"?>
<!-- Generated by org.testng.reporters.JUnitReportReporter -->
<testsuite hostname="Lenovo-PC" failures="0" tests="1" name="test.FrameTest" time="4.943" errors="0" timestamp="2020-01-31T16:36:31 CET" skipped="0">
  <testcase classname="test.FrameTest" name="testWysiwyg" time="4.943"/>
</testsuite> <!-- test.FrameTest -->
