<?xml version="1.0" encoding="UTF-8"?>
<!-- Generated by org.testng.reporters.JUnitReportReporter -->
<testsuite hostname="Lenovo-PC" failures="0" tests="1" name="test.HoverTest" time="1.012" errors="0" timestamp="2020-01-24T19:15:00 CET" skipped="0">
  <testcase classname="test.HoverTest" name="testHoverUser1" time="1.012"/>
</testsuite> <!-- test.HoverTest -->
