<?xml version="1.0" encoding="UTF-8"?>
<!-- Generated by org.testng.reporters.JUnitReportReporter -->
<testsuite hostname="Lenovo-PC" failures="0" tests="3" name="test.AlertTest" time="4.284" errors="0" timestamp="2020-01-30T21:32:27 CET" skipped="0">
  <testcase classname="test.AlertTest" name="testSetInAlert" time="1.397"/>
  <testcase classname="test.AlertTest" name="testAccept" time="1.578"/>
  <testcase classname="test.AlertTest" name="testGetTextFromAlert" time="1.309"/>
</testsuite> <!-- test.AlertTest -->
